C:\Users\Tuna\Desktop\WebAPI-HotelManagementProject\APIConsume\HotelManagement.WebAPILayer\Properties\launchSettings.json içindeki başlatma ayarları kullanılıyor...
Derleniyor...
C:\Users\Tuna\Desktop\WebAPI-HotelManagementProject\APIConsume\HotelManagement.WebAPILayer\HotelManagement.WebAPILayer.csproj : warning NU1903: Package 'AutoMapper' 12.0.1 has a known high severity vulnerability, https://github.com/advisories/GHSA-rvv3-g6hj-g44x
C:\Users\Tuna\Desktop\WebAPI-HotelManagementProject\APIConsume\HotelManagement.WebAPILayer\HotelManagement.WebAPILayer.csproj : warning NU1903: Package 'AutoMapper' 12.0.1 has a known high severity vulnerability, https://github.com/advisories/GHSA-rvv3-g6hj-g44x
C:\Users\Tuna\Desktop\WebAPI-HotelManagementProject\APIConsume\HotelManagement.WebAPILayer\Controllers\AccountController.cs(64,48): warning CS8604: 'Task IEmailService.SendEmailAsync(string to, string subject, string body)' içindeki 'to' parametresi için olası null başvuru bağımsız değişkeni. [C:\Users\Tuna\Desktop\WebAPI-HotelManagementProject\APIConsume\HotelManagement.WebAPILayer\HotelManagement.WebAPILayer.csproj]
C:\Users\Tuna\Desktop\WebAPI-HotelManagementProject\APIConsume\HotelManagement.WebAPILayer\Controllers\AccountController.cs(75,59): warning CS8604: 'Task<bool> UserManager<AppUser>.IsEmailConfirmedAsync(AppUser user)' içindeki 'user' parametresi için olası null başvuru bağımsız değişkeni. [C:\Users\Tuna\Desktop\WebAPI-HotelManagementProject\APIConsume\HotelManagement.WebAPILayer\HotelManagement.WebAPILayer.csproj]
C:\Users\Tuna\Desktop\WebAPI-HotelManagementProject\APIConsume\HotelManagement.WebAPILayer\Controllers\AccountController.cs(87,44): warning CS8604: 'Task<IdentityResult> UserManager<AppUser>.DeleteAsync(AppUser user)' içindeki 'user' parametresi için olası null başvuru bağımsız değişkeni. [C:\Users\Tuna\Desktop\WebAPI-HotelManagementProject\APIConsume\HotelManagement.WebAPILayer\HotelManagement.WebAPILayer.csproj]
C:\Users\Tuna\Desktop\WebAPI-HotelManagementProject\APIConsume\HotelManagement.WebAPILayer\Controllers\AccountController.cs(95,58): warning CS8604: 'Task<IList<string>> UserManager<AppUser>.GetRolesAsync(AppUser user)' içindeki 'user' parametresi için olası null başvuru bağımsız değişkeni. [C:\Users\Tuna\Desktop\WebAPI-HotelManagementProject\APIConsume\HotelManagement.WebAPILayer\HotelManagement.WebAPILayer.csproj]
C:\Users\Tuna\Desktop\WebAPI-HotelManagementProject\APIConsume\HotelManagement.WebAPILayer\Controllers\AccountController.cs(103,65): warning CS8604: 'Task<IList<string>> UserManager<AppUser>.GetRolesAsync(AppUser user)' içindeki 'user' parametresi için olası null başvuru bağımsız değişkeni. [C:\Users\Tuna\Desktop\WebAPI-HotelManagementProject\APIConsume\HotelManagement.WebAPILayer\HotelManagement.WebAPILayer.csproj]
C:\Users\Tuna\Desktop\WebAPI-HotelManagementProject\APIConsume\HotelManagement.WebAPILayer\Controllers\AccountController.cs(114,13): warning CS8602: Olası bir null başvurunun başvurma işlemi. [C:\Users\Tuna\Desktop\WebAPI-HotelManagementProject\APIConsume\HotelManagement.WebAPILayer\HotelManagement.WebAPILayer.csproj]
C:\Users\Tuna\Desktop\WebAPI-HotelManagementProject\APIConsume\HotelManagement.WebAPILayer\Controllers\AccountController.cs(116,25): warning CS8601: Olası null başvuru ataması. [C:\Users\Tuna\Desktop\WebAPI-HotelManagementProject\APIConsume\HotelManagement.WebAPILayer\HotelManagement.WebAPILayer.csproj]
C:\Users\Tuna\Desktop\WebAPI-HotelManagementProject\APIConsume\HotelManagement.WebAPILayer\Controllers\AccountController.cs(117,28): warning CS8601: Olası null başvuru ataması. [C:\Users\Tuna\Desktop\WebAPI-HotelManagementProject\APIConsume\HotelManagement.WebAPILayer\HotelManagement.WebAPILayer.csproj]
C:\Users\Tuna\Desktop\WebAPI-HotelManagementProject\APIConsume\HotelManagement.WebAPILayer\Controllers\AccountController.cs(119,35): warning CS8602: Olası bir null başvurunun başvurma işlemi. [C:\Users\Tuna\Desktop\WebAPI-HotelManagementProject\APIConsume\HotelManagement.WebAPILayer\HotelManagement.WebAPILayer.csproj]
C:\Users\Tuna\Desktop\WebAPI-HotelManagementProject\APIConsume\HotelManagement.WebAPILayer\Controllers\AccountController.cs(135,63): warning CS8604: 'Task<IdentityResult> UserManager<AppUser>.ConfirmEmailAsync(AppUser user, string token)' içindeki 'user' parametresi için olası null başvuru bağımsız değişkeni. [C:\Users\Tuna\Desktop\WebAPI-HotelManagementProject\APIConsume\HotelManagement.WebAPILayer\HotelManagement.WebAPILayer.csproj]
C:\Users\Tuna\Desktop\WebAPI-HotelManagementProject\APIConsume\HotelManagement.WebAPILayer\Controllers\RoleController.cs(49,13): warning CS8602: Olası bir null başvurunun başvurma işlemi. [C:\Users\Tuna\Desktop\WebAPI-HotelManagementProject\APIConsume\HotelManagement.WebAPILayer\HotelManagement.WebAPILayer.csproj]
C:\Users\Tuna\Desktop\WebAPI-HotelManagementProject\APIConsume\HotelManagement.WebAPILayer\Controllers\RoleController.cs(58,44): warning CS8604: 'Task<IdentityResult> RoleManager<AppRole>.DeleteAsync(AppRole role)' içindeki 'role' parametresi için olası null başvuru bağımsız değişkeni. [C:\Users\Tuna\Desktop\WebAPI-HotelManagementProject\APIConsume\HotelManagement.WebAPILayer\HotelManagement.WebAPILayer.csproj]
C:\Users\Tuna\Desktop\WebAPI-HotelManagementProject\APIConsume\HotelManagement.WebAPILayer\Program.cs(75,76): warning CS8604: 'byte[] Encoding.GetBytes(string s)' içindeki 's' parametresi için olası null başvuru bağımsız değişkeni. [C:\Users\Tuna\Desktop\WebAPI-HotelManagementProject\APIConsume\HotelManagement.WebAPILayer\HotelManagement.WebAPILayer.csproj]
C:\Users\Tuna\Desktop\WebAPI-HotelManagementProject\APIConsume\HotelManagement.WebAPILayer\Controllers\RoleController.cs(66,64): warning CS8602: Olası bir null başvurunun başvurma işlemi. [C:\Users\Tuna\Desktop\WebAPI-HotelManagementProject\APIConsume\HotelManagement.WebAPILayer\HotelManagement.WebAPILayer.csproj]
C:\Users\Tuna\Desktop\WebAPI-HotelManagementProject\APIConsume\HotelManagement.WebAPILayer\Controllers\RoleController.cs(66,64): warning CS8604: 'Task<IList<AppUser>> UserManager<AppUser>.GetUsersInRoleAsync(string roleName)' içindeki 'roleName' parametresi için olası null başvuru bağımsız değişkeni. [C:\Users\Tuna\Desktop\WebAPI-HotelManagementProject\APIConsume\HotelManagement.WebAPILayer\HotelManagement.WebAPILayer.csproj]
info: Microsoft.Hosting.Lifetime[14]
      Now listening on: http://localhost:5191
info: Microsoft.Hosting.Lifetime[0]
      Application started. Press Ctrl+C to shut down.
info: Microsoft.Hosting.Lifetime[0]
      Hosting environment: Development
info: Microsoft.Hosting.Lifetime[0]
      Content root path: C:\Users\Tuna\Desktop\WebAPI-HotelManagementProject\APIConsume\HotelManagement.WebAPILayer
